# JRE version: Java(TM) SE Runtime Environment (8.0_181-b13) (build 1.8.0_181-b13)
# Java VM: Java HotSpot(TM) Client VM (25.181-b13 mixed mode windows-x86 )
Heap:
 def new generation   total 4928K, used 260K [0x03c00000, 0x04150000, 0x09150000)
  eden space 4416K,   3% used [0x03c00000, 0x03c2a1d0, 0x04050000)
  from space 512K,  17% used [0x040d0000, 0x040e6e40, 0x04150000)
  to   space 512K,   0% used [0x04050000, 0x04050000, 0x040d0000)
 tenured generation   total 10944K, used 8872K [0x09150000, 0x09c00000, 0x13c00000)
   the space 10944K,  81% used [0x09150000, 0x099fa300, 0x099fa400, 0x09c00000)
 Metaspace       used 7571K, capacity 7761K, committed 7808K, reserved 8576K
GC Heap History (10 events):
Event: 3.838 GC heap before
{Heap before GC invocations=2 (full 0):
 def new generation   total 4928K, used 4404K [0x03c00000, 0x04150000, 0x09150000)
  eden space 4416K,  99% used [0x03c00000, 0x04047a58, 0x04050000)
  from space 512K,   4% used [0x04050000, 0x04055768, 0x040d0000)
  to   space 512K,   0% used [0x040d0000, 0x040d0000, 0x04150000)
 tenured generation   total 10944K, used 5866K [0x09150000, 0x09c00000, 0x13c00000)
   the space 10944K,  53% used [0x09150000, 0x0970aa10, 0x0970ac00, 0x09c00000)
 Metaspace       used 7527K, capacity 7729K, committed 7808K, reserved 8576K
Event: 3.842 GC heap after
Heap after GC invocations=3 (full 0):
 def new generation   total 4928K, used 512K [0x03c00000, 0x04150000, 0x09150000)
  eden space 4416K,   0% used [0x03c00000, 0x03c00000, 0x04050000)
  from space 512K, 100% used [0x040d0000, 0x04150000, 0x04150000)
  to   space 512K,   0% used [0x04050000, 0x04050000, 0x040d0000)
 tenured generation   total 10944K, used 6874K [0x09150000, 0x09c00000, 0x13c00000)
   the space 10944K,  62% used [0x09150000, 0x09806848, 0x09806a00, 0x09c00000)
 Metaspace       used 7527K, capacity 7729K, committed 7808K, reserved 8576K
}
Event: 7.068 GC heap before
{Heap before GC invocations=3 (full 0):
 def new generation   total 4928K, used 4928K [0x03c00000, 0x04150000, 0x09150000)
  eden space 4416K, 100% used [0x03c00000, 0x04050000, 0x04050000)
  from space 512K, 100% used [0x040d0000, 0x04150000, 0x04150000)
  to   space 512K,   0% used [0x04050000, 0x04050000, 0x040d0000)
 tenured generation   total 10944K, used 6874K [0x09150000, 0x09c00000, 0x13c00000)
   the space 10944K,  62% used [0x09150000, 0x09806848, 0x09806a00, 0x09c00000)
 Metaspace       used 7548K, capacity 7729K, committed 7808K, reserved 8576K
Event: 7.075 GC heap after
Heap after GC invocations=4 (full 0):
 def new generation   total 4928K, used 502K [0x03c00000, 0x04150000, 0x09150000)
  eden space 4416K,   0% used [0x03c00000, 0x03c00000, 0x04050000)
  from space 512K,  98% used [0x04050000, 0x040cdbf0, 0x040d0000)
  to   space 512K,   0% used [0x040d0000, 0x040d0000, 0x04150000)
 tenured generation   total 10944K, used 8448K [0x09150000, 0x09c00000, 0x13c00000)
   the space 10944K,  77% used [0x09150000, 0x09990070, 0x09990200, 0x09c00000)
 Metaspace       used 7548K, capacity 7729K, committed 7808K, reserved 8576K
}
Event: 8.966 GC heap before
{Heap before GC invocations=4 (full 0):
 def new generation   total 4928K, used 4918K [0x03c00000, 0x04150000, 0x09150000)
  eden space 4416K, 100% used [0x03c00000, 0x04050000, 0x04050000)
  from space 512K,  98% used [0x04050000, 0x040cdbf0, 0x040d0000)
  to   space 512K,   0% used [0x040d0000, 0x040d0000, 0x04150000)
 tenured generation   total 10944K, used 8448K [0x09150000, 0x09c00000, 0x13c00000)
   the space 10944K,  77% used [0x09150000, 0x09990070, 0x09990200, 0x09c00000)
 Metaspace       used 7549K, capacity 7729K, committed 7808K, reserved 8576K
Event: 8.968 GC heap after
Heap after GC invocations=5 (full 0):
 def new generation   total 4928K, used 70K [0x03c00000, 0x04150000, 0x09150000)
  eden space 4416K,   0% used [0x03c00000, 0x03c00000, 0x04050000)
  from space 512K,  13% used [0x040d0000, 0x040e1938, 0x04150000)
  to   space 512K,   0% used [0x04050000, 0x04050000, 0x040d0000)
 tenured generation   total 10944K, used 8872K [0x09150000, 0x09c00000, 0x13c00000)
   the space 10944K,  81% used [0x09150000, 0x099fa300, 0x099fa400, 0x09c00000)
 Metaspace       used 7549K, capacity 7729K, committed 7808K, reserved 8576K
}
Event: 10.453 GC heap before
{Heap before GC invocations=5 (full 0):
 def new generation   total 4928K, used 4486K [0x03c00000, 0x04150000, 0x09150000)
  eden space 4416K, 100% used [0x03c00000, 0x04050000, 0x04050000)
  from space 512K,  13% used [0x040d0000, 0x040e1938, 0x04150000)
  to   space 512K,   0% used [0x04050000, 0x04050000, 0x040d0000)
 tenured generation   total 10944K, used 8872K [0x09150000, 0x09c00000, 0x13c00000)
   the space 10944K,  81% used [0x09150000, 0x099fa300, 0x099fa400, 0x09c00000)
 Metaspace       used 7549K, capacity 7729K, committed 7808K, reserved 8576K
Event: 10.454 GC heap after
Heap after GC invocations=6 (full 0):
 def new generation   total 4928K, used 129K [0x03c00000, 0x04150000, 0x09150000)
  eden space 4416K,   0% used [0x03c00000, 0x03c00000, 0x04050000)
  from space 512K,  25% used [0x04050000, 0x04070528, 0x040d0000)
  to   space 512K,   0% used [0x040d0000, 0x040d0000, 0x04150000)
 tenured generation   total 10944K, used 8872K [0x09150000, 0x09c00000, 0x13c00000)
   the space 10944K,  81% used [0x09150000, 0x099fa300, 0x099fa400, 0x09c00000)
 Metaspace       used 7549K, capacity 7729K, committed 7808K, reserved 8576K
}
Event: 24.451 GC heap before
{Heap before GC invocations=6 (full 0):
 def new generation   total 4928K, used 4545K [0x03c00000, 0x04150000, 0x09150000)
  eden space 4416K, 100% used [0x03c00000, 0x04050000, 0x04050000)
  from space 512K,  25% used [0x04050000, 0x04070528, 0x040d0000)
  to   space 512K,   0% used [0x040d0000, 0x040d0000, 0x04150000)
 tenured generation   total 10944K, used 8872K [0x09150000, 0x09c00000, 0x13c00000)
   the space 10944K,  81% used [0x09150000, 0x099fa300, 0x099fa400, 0x09c00000)
 Metaspace       used 7571K, capacity 7761K, committed 7808K, reserved 8576K
Event: 24.452 GC heap after
Heap after GC invocations=7 (full 0):
 def new generation   total 4928K, used 91K [0x03c00000, 0x04150000, 0x09150000)
  eden space 4416K,   0% used [0x03c00000, 0x03c00000, 0x04050000)
  from space 512K,  17% used [0x040d0000, 0x040e6e40, 0x04150000)
  to   space 512K,   0% used [0x04050000, 0x04050000, 0x040d0000)
 tenured generation   total 10944K, used 8872K [0x09150000, 0x09c00000, 0x13c00000)
   the space 10944K,  81% used [0x09150000, 0x099fa300, 0x099fa400, 0x09c00000)
 Metaspace       used 7571K, capacity 7761K, committed 7808K, reserved 8576K
}

