# JRE version: Java(TM) SE Runtime Environment (8.0_181-b13) (build 1.8.0_181-b13)
# Java VM: Java HotSpot(TM) Client VM (25.181-b13 mixed mode windows-x86 )
Heap:
 def new generation   total 8192K, used 3340K [0x03e00000, 0x046e0000, 0x09350000)
  eden space 7296K,  41% used [0x03e00000, 0x040fdbc8, 0x04520000)
  from space 896K,  30% used [0x04520000, 0x045655d8, 0x04600000)
  to   space 896K,   0% used [0x04600000, 0x04600000, 0x046e0000)
 tenured generation   total 18088K, used 15643K [0x09350000, 0x0a4fa000, 0x13e00000)
   the space 18088K,  86% used [0x09350000, 0x0a296c20, 0x0a296e00, 0x0a4fa000)
 Metaspace       used 8504K, capacity 8699K, committed 8832K, reserved 9600K
GC Heap History (10 events):
Event: 8.761 GC heap before
{Heap before GC invocations=37 (full 1):
 def new generation   total 8192K, used 7534K [0x03e00000, 0x046e0000, 0x09350000)
  eden space 7296K, 100% used [0x03e00000, 0x04520000, 0x04520000)
  from space 896K,  26% used [0x04520000, 0x0455ba78, 0x04600000)
  to   space 896K,   0% used [0x04600000, 0x04600000, 0x046e0000)
 tenured generation   total 18088K, used 15643K [0x09350000, 0x0a4fa000, 0x13e00000)
   the space 18088K,  86% used [0x09350000, 0x0a296c20, 0x0a296e00, 0x0a4fa000)
 Metaspace       used 8504K, capacity 8699K, committed 8832K, reserved 9600K
Event: 8.762 GC heap after
Heap after GC invocations=38 (full 1):
 def new generation   total 8192K, used 238K [0x03e00000, 0x046e0000, 0x09350000)
  eden space 7296K,   0% used [0x03e00000, 0x03e00000, 0x04520000)
  from space 896K,  26% used [0x04600000, 0x0463ba78, 0x046e0000)
  to   space 896K,   0% used [0x04520000, 0x04520000, 0x04600000)
 tenured generation   total 18088K, used 15643K [0x09350000, 0x0a4fa000, 0x13e00000)
   the space 18088K,  86% used [0x09350000, 0x0a296c20, 0x0a296e00, 0x0a4fa000)
 Metaspace       used 8504K, capacity 8699K, committed 8832K, reserved 9600K
}
Event: 9.043 GC heap before
{Heap before GC invocations=38 (full 1):
 def new generation   total 8192K, used 7534K [0x03e00000, 0x046e0000, 0x09350000)
  eden space 7296K, 100% used [0x03e00000, 0x04520000, 0x04520000)
  from space 896K,  26% used [0x04600000, 0x0463ba78, 0x046e0000)
  to   space 896K,   0% used [0x04520000, 0x04520000, 0x04600000)
 tenured generation   total 18088K, used 15643K [0x09350000, 0x0a4fa000, 0x13e00000)
   the space 18088K,  86% used [0x09350000, 0x0a296c20, 0x0a296e00, 0x0a4fa000)
 Metaspace       used 8504K, capacity 8699K, committed 8832K, reserved 9600K
Event: 9.044 GC heap after
Heap after GC invocations=39 (full 1):
 def new generation   total 8192K, used 238K [0x03e00000, 0x046e0000, 0x09350000)
  eden space 7296K,   0% used [0x03e00000, 0x03e00000, 0x04520000)
  from space 896K,  26% used [0x04520000, 0x0455ba78, 0x04600000)
  to   space 896K,   0% used [0x04600000, 0x04600000, 0x046e0000)
 tenured generation   total 18088K, used 15643K [0x09350000, 0x0a4fa000, 0x13e00000)
   the space 18088K,  86% used [0x09350000, 0x0a296c20, 0x0a296e00, 0x0a4fa000)
 Metaspace       used 8504K, capacity 8699K, committed 8832K, reserved 9600K
}
Event: 9.390 GC heap before
{Heap before GC invocations=39 (full 1):
 def new generation   total 8192K, used 7534K [0x03e00000, 0x046e0000, 0x09350000)
  eden space 7296K, 100% used [0x03e00000, 0x04520000, 0x04520000)
  from space 896K,  26% used [0x04520000, 0x0455ba78, 0x04600000)
  to   space 896K,   0% used [0x04600000, 0x04600000, 0x046e0000)
 tenured generation   total 18088K, used 15643K [0x09350000, 0x0a4fa000, 0x13e00000)
   the space 18088K,  86% used [0x09350000, 0x0a296c20, 0x0a296e00, 0x0a4fa000)
 Metaspace       used 8504K, capacity 8699K, committed 8832K, reserved 9600K
Event: 9.391 GC heap after
Heap after GC invocations=40 (full 1):
 def new generation   total 8192K, used 238K [0x03e00000, 0x046e0000, 0x09350000)
  eden space 7296K,   0% used [0x03e00000, 0x03e00000, 0x04520000)
  from space 896K,  26% used [0x04600000, 0x0463ba78, 0x046e0000)
  to   space 896K,   0% used [0x04520000, 0x04520000, 0x04600000)
 tenured generation   total 18088K, used 15643K [0x09350000, 0x0a4fa000, 0x13e00000)
   the space 18088K,  86% used [0x09350000, 0x0a296c20, 0x0a296e00, 0x0a4fa000)
 Metaspace       used 8504K, capacity 8699K, committed 8832K, reserved 9600K
}
Event: 9.664 GC heap before
{Heap before GC invocations=40 (full 1):
 def new generation   total 8192K, used 7534K [0x03e00000, 0x046e0000, 0x09350000)
  eden space 7296K, 100% used [0x03e00000, 0x04520000, 0x04520000)
  from space 896K,  26% used [0x04600000, 0x0463ba78, 0x046e0000)
  to   space 896K,   0% used [0x04520000, 0x04520000, 0x04600000)
 tenured generation   total 18088K, used 15643K [0x09350000, 0x0a4fa000, 0x13e00000)
   the space 18088K,  86% used [0x09350000, 0x0a296c20, 0x0a296e00, 0x0a4fa000)
 Metaspace       used 8504K, capacity 8699K, committed 8832K, reserved 9600K
Event: 9.665 GC heap after
Heap after GC invocations=41 (full 1):
 def new generation   total 8192K, used 251K [0x03e00000, 0x046e0000, 0x09350000)
  eden space 7296K,   0% used [0x03e00000, 0x03e00000, 0x04520000)
  from space 896K,  28% used [0x04520000, 0x0455eef8, 0x04600000)
  to   space 896K,   0% used [0x04600000, 0x04600000, 0x046e0000)
 tenured generation   total 18088K, used 15643K [0x09350000, 0x0a4fa000, 0x13e00000)
   the space 18088K,  86% used [0x09350000, 0x0a296c20, 0x0a296e00, 0x0a4fa000)
 Metaspace       used 8504K, capacity 8699K, committed 8832K, reserved 9600K
}
Event: 9.938 GC heap before
{Heap before GC invocations=41 (full 1):
 def new generation   total 8192K, used 7547K [0x03e00000, 0x046e0000, 0x09350000)
  eden space 7296K, 100% used [0x03e00000, 0x04520000, 0x04520000)
  from space 896K,  28% used [0x04520000, 0x0455eef8, 0x04600000)
  to   space 896K,   0% used [0x04600000, 0x04600000, 0x046e0000)
 tenured generation   total 18088K, used 15643K [0x09350000, 0x0a4fa000, 0x13e00000)
   the space 18088K,  86% used [0x09350000, 0x0a296c20, 0x0a296e00, 0x0a4fa000)
 Metaspace       used 8504K, capacity 8699K, committed 8832K, reserved 9600K
Event: 9.939 GC heap after
Heap after GC invocations=42 (full 1):
 def new generation   total 8192K, used 266K [0x03e00000, 0x046e0000, 0x09350000)
  eden space 7296K,   0% used [0x03e00000, 0x03e00000, 0x04520000)
  from space 896K,  29% used [0x04600000, 0x04642ab0, 0x046e0000)
  to   space 896K,   0% used [0x04520000, 0x04520000, 0x04600000)
 tenured generation   total 18088K, used 15643K [0x09350000, 0x0a4fa000, 0x13e00000)
   the space 18088K,  86% used [0x09350000, 0x0a296c20, 0x0a296e00, 0x0a4fa000)
 Metaspace       used 8504K, capacity 8699K, committed 8832K, reserved 9600K
}

