# JRE version: Java(TM) SE Runtime Environment (8.0_181-b13) (build 1.8.0_181-b13)
# Java VM: Java HotSpot(TM) Client VM (25.181-b13 mixed mode, sharing windows-x86 )
Heap:
 def new generation   total 4928K, used 559K [0x03a00000, 0x03f50000, 0x08f50000)
  eden space 4416K,   1% used [0x03a00000, 0x03a0cf28, 0x03e50000)
  from space 512K,  99% used [0x03e50000, 0x03ecf068, 0x03ed0000)
  to   space 512K,   0% used [0x03ed0000, 0x03ed0000, 0x03f50000)
 tenured generation   total 10944K, used 8459K [0x08f50000, 0x09a00000, 0x13a00000)
   the space 10944K,  77% used [0x08f50000, 0x09792c08, 0x09792e00, 0x09a00000)
 Metaspace       used 1020K, capacity 2545K, committed 2624K, reserved 4480K
GC Heap History (8 events):
Event: 0.377 GC heap before
{Heap before GC invocations=0 (full 0):
 def new generation   total 4928K, used 4365K [0x03a00000, 0x03f50000, 0x08f50000)
  eden space 4416K,  98% used [0x03a00000, 0x03e43438, 0x03e50000)
  from space 512K,   0% used [0x03e50000, 0x03e50000, 0x03ed0000)
  to   space 512K,   0% used [0x03ed0000, 0x03ed0000, 0x03f50000)
 tenured generation   total 10944K, used 0K [0x08f50000, 0x09a00000, 0x13a00000)
   the space 10944K,   0% used [0x08f50000, 0x08f50000, 0x08f50200, 0x09a00000)
 Metaspace       used 911K, capacity 2535K, committed 2624K, reserved 4480K
Event: 0.390 GC heap after
Heap after GC invocations=1 (full 0):
 def new generation   total 4928K, used 512K [0x03a00000, 0x03f50000, 0x08f50000)
  eden space 4416K,   0% used [0x03a00000, 0x03a00000, 0x03e50000)
  from space 512K, 100% used [0x03ed0000, 0x03f50000, 0x03f50000)
  to   space 512K,   0% used [0x03e50000, 0x03e50000, 0x03ed0000)
 tenured generation   total 10944K, used 1035K [0x08f50000, 0x09a00000, 0x13a00000)
   the space 10944K,   9% used [0x08f50000, 0x09052f50, 0x09053000, 0x09a00000)
 Metaspace       used 911K, capacity 2535K, committed 2624K, reserved 4480K
}
Event: 0.429 GC heap before
{Heap before GC invocations=1 (full 0):
 def new generation   total 4928K, used 4928K [0x03a00000, 0x03f50000, 0x08f50000)
  eden space 4416K, 100% used [0x03a00000, 0x03e50000, 0x03e50000)
  from space 512K, 100% used [0x03ed0000, 0x03f50000, 0x03f50000)
  to   space 512K,   0% used [0x03e50000, 0x03e50000, 0x03ed0000)
 tenured generation   total 10944K, used 1035K [0x08f50000, 0x09a00000, 0x13a00000)
   the space 10944K,   9% used [0x08f50000, 0x09052f50, 0x09053000, 0x09a00000)
 Metaspace       used 940K, capacity 2535K, committed 2624K, reserved 4480K
Event: 0.441 GC heap after
Heap after GC invocations=2 (full 0):
 def new generation   total 4928K, used 22K [0x03a00000, 0x03f50000, 0x08f50000)
  eden space 4416K,   0% used [0x03a00000, 0x03a00000, 0x03e50000)
  from space 512K,   4% used [0x03e50000, 0x03e559f0, 0x03ed0000)
  to   space 512K,   0% used [0x03ed0000, 0x03ed0000, 0x03f50000)
 tenured generation   total 10944K, used 5870K [0x08f50000, 0x09a00000, 0x13a00000)
   the space 10944K,  53% used [0x08f50000, 0x0950ba88, 0x0950bc00, 0x09a00000)
 Metaspace       used 940K, capacity 2535K, committed 2624K, reserved 4480K
}
Event: 2.159 GC heap before
{Heap before GC invocations=2 (full 0):
 def new generation   total 4928K, used 4438K [0x03a00000, 0x03f50000, 0x08f50000)
  eden space 4416K, 100% used [0x03a00000, 0x03e50000, 0x03e50000)
  from space 512K,   4% used [0x03e50000, 0x03e559f0, 0x03ed0000)
  to   space 512K,   0% used [0x03ed0000, 0x03ed0000, 0x03f50000)
 tenured generation   total 10944K, used 5870K [0x08f50000, 0x09a00000, 0x13a00000)
   the space 10944K,  53% used [0x08f50000, 0x0950ba88, 0x0950bc00, 0x09a00000)
 Metaspace       used 998K, capacity 2545K, committed 2624K, reserved 4480K
Event: 2.163 GC heap after
Heap after GC invocations=3 (full 0):
 def new generation   total 4928K, used 512K [0x03a00000, 0x03f50000, 0x08f50000)
  eden space 4416K,   0% used [0x03a00000, 0x03a00000, 0x03e50000)
  from space 512K, 100% used [0x03ed0000, 0x03f50000, 0x03f50000)
  to   space 512K,   0% used [0x03e50000, 0x03e50000, 0x03ed0000)
 tenured generation   total 10944K, used 7106K [0x08f50000, 0x09a00000, 0x13a00000)
   the space 10944K,  64% used [0x08f50000, 0x09640a68, 0x09640c00, 0x09a00000)
 Metaspace       used 998K, capacity 2545K, committed 2624K, reserved 4480K
}
Event: 4.753 GC heap before
{Heap before GC invocations=3 (full 0):
 def new generation   total 4928K, used 4928K [0x03a00000, 0x03f50000, 0x08f50000)
  eden space 4416K, 100% used [0x03a00000, 0x03e50000, 0x03e50000)
  from space 512K, 100% used [0x03ed0000, 0x03f50000, 0x03f50000)
  to   space 512K,   0% used [0x03e50000, 0x03e50000, 0x03ed0000)
 tenured generation   total 10944K, used 7106K [0x08f50000, 0x09a00000, 0x13a00000)
   the space 10944K,  64% used [0x08f50000, 0x09640a68, 0x09640c00, 0x09a00000)
 Metaspace       used 1020K, capacity 2545K, committed 2624K, reserved 4480K
Event: 4.757 GC heap after
Heap after GC invocations=4 (full 0):
 def new generation   total 4928K, used 508K [0x03a00000, 0x03f50000, 0x08f50000)
  eden space 4416K,   0% used [0x03a00000, 0x03a00000, 0x03e50000)
  from space 512K,  99% used [0x03e50000, 0x03ecf068, 0x03ed0000)
  to   space 512K,   0% used [0x03ed0000, 0x03ed0000, 0x03f50000)
 tenured generation   total 10944K, used 8459K [0x08f50000, 0x09a00000, 0x13a00000)
   the space 10944K,  77% used [0x08f50000, 0x09792c08, 0x09792e00, 0x09a00000)
 Metaspace       used 1020K, capacity 2545K, committed 2624K, reserved 4480K
}

